mktextfm cmr10+20
mktextfm cmr10-20
mktextfm cmss10+20
mktextfm cmss10-20
mktextfm cmr10+20
mktextfm cmr10-20
mktextfm cmsl10+20
mktextfm cmsl10-20
mktextfm cmr10+20
mktextfm cmr10-20
mktextfm cmss10+20
mktextfm cmss10-20
mktextfm cmr10+20
mktextfm cmr10-20
mktextfm cmsl10+20
mktextfm cmsl10-20
mktextfm cmr10+20
mktextfm cmr10-20
mktextfm cmss10+20
mktextfm cmss10-20
mktextfm cmr10+20
mktextfm cmr10-20
mktextfm cmsl10+20
mktextfm cmsl10-20
mktextfm cmr10+20
mktextfm cmr10-20
mktextfm cmss10+20
mktextfm cmss10-20
mktextfm cmr10+20
mktextfm cmr10-20
mktextfm cmsl10+20
mktextfm cmsl10-20
mktextfm cmr10+20
mktextfm cmr10-20
mktextfm cmss10+20
mktextfm cmss10-20
mktextfm cmr10+20
mktextfm cmr10-20
mktextfm cmsl10+20
mktextfm cmsl10-20
mktextfm cmr10+20
mktextfm cmr10-20
mktextfm cmss10+20
mktextfm cmss10-20
mktextfm cmr10+20
mktextfm cmr10-20
mktextfm cmsl10+20
mktextfm cmsl10-20
mktextfm cmr10+20
mktextfm cmr10-20
mktextfm cmss10+20
mktextfm cmss10-20
mktextfm cmr10+20
mktextfm cmr10-20
mktextfm cmsl10+20
mktextfm cmsl10-20
